2021-10-15 20:06:14 INFO  EmployeesRestAPI:31 - *********Started TC001_Get_All_Employees **********
2021-10-15 20:06:17 INFO  EmployeesRestAPI:115 - ***********  Checking Content Lenght**********
2021-10-15 20:06:17 INFO  EmployeesRestAPI:118 - Content Length is==>631
2021-10-15 20:06:17 INFO  EmployeesRestAPI:86 - ***********  Checking Content Type **********
2021-10-15 20:06:17 INFO  EmployeesRestAPI:89 - Content type is ==>application/json
2021-10-15 20:06:17 INFO  EmployeesRestAPI:129 - ***********  Checking Cookies **********
2021-10-15 20:06:17 INFO  EmployeesRestAPI:62 - ***********  Checking Response Time **********
2021-10-15 20:06:17 INFO  EmployeesRestAPI:65 - Response Time is ==>1732
2021-10-15 20:06:17 INFO  EmployeesRestAPI:42 - ***********  Checking Respose Body **********
2021-10-15 20:06:17 INFO  EmployeesRestAPI:45 - Response Body==>{"status":"success","data":[{"id":1,"employee_name":"Tiger Nixon","employee_salary":320800,"employee_age":61,"profile_image":""},{"id":2,"employee_name":"Garrett Winters","employee_salary":170750,"employee_age":63,"profile_image":""},{"id":3,"employee_name":"Ashton Cox","employee_salary":86000,"employee_age":66,"profile_image":""},{"id":4,"employee_name":"Cedric Kelly","employee_salary":433060,"employee_age":22,"profile_image":""},{"id":5,"employee_name":"Airi Satou","employee_salary":162700,"employee_age":33,"profile_image":""},{"id":6,"employee_name":"Brielle Williamson","employee_salary":372000,"employee_age":61,"profile_image":""},{"id":7,"employee_name":"Herrod Chandler","employee_salary":137500,"employee_age":59,"profile_image":""},{"id":8,"employee_name":"Rhona Davidson","employee_salary":327900,"employee_age":55,"profile_image":""},{"id":9,"employee_name":"Colleen Hurst","employee_salary":205500,"employee_age":39,"profile_image":""},{"id":10,"employee_name":"Sonya Frost","employee_salary":103600,"employee_age":23,"profile_image":""},{"id":11,"employee_name":"Jena Gaines","employee_salary":90560,"employee_age":30,"profile_image":""},{"id":12,"employee_name":"Quinn Flynn","employee_salary":342000,"employee_age":22,"profile_image":""},{"id":13,"employee_name":"Charde Marshall","employee_salary":470600,"employee_age":36,"profile_image":""},{"id":14,"employee_name":"Haley Kennedy","employee_salary":313500,"employee_age":43,"profile_image":""},{"id":15,"employee_name":"Tatyana Fitzpatrick","employee_salary":385750,"employee_age":19,"profile_image":""},{"id":16,"employee_name":"Michael Silva","employee_salary":198500,"employee_age":66,"profile_image":""},{"id":17,"employee_name":"Paul Byrd","employee_salary":725000,"employee_age":64,"profile_image":""},{"id":18,"employee_name":"Gloria Little","employee_salary":237500,"employee_age":59,"profile_image":""},{"id":19,"employee_name":"Bradley Greer","employee_salary":132000,"employee_age":41,"profile_image":""},{"id":20,"employee_name":"Dai Rios","employee_salary":217500,"employee_age":35,"profile_image":""},{"id":21,"employee_name":"Jenette Caldwell","employee_salary":345000,"employee_age":30,"profile_image":""},{"id":22,"employee_name":"Yuri Berry","employee_salary":675000,"employee_age":40,"profile_image":""},{"id":23,"employee_name":"Caesar Vance","employee_salary":106450,"employee_age":21,"profile_image":""},{"id":24,"employee_name":"Doris Wilder","employee_salary":85600,"employee_age":23,"profile_image":""}],"message":"Successfully! All records has been fetched."}
2021-10-15 20:06:17 INFO  EmployeesRestAPI:52 - ***********  Checking Status Code **********
2021-10-15 20:06:17 INFO  EmployeesRestAPI:55 - Status Code is ==>200
2021-10-15 20:06:17 INFO  EmployeesRestAPI:105 - ***********  Checking Content Encoding**********
2021-10-15 20:06:17 INFO  EmployeesRestAPI:108 - Content Encoding is==>gzip
2021-10-15 20:06:17 INFO  EmployeesRestAPI:95 - ***********  Checking Server Type **********
2021-10-15 20:06:17 INFO  EmployeesRestAPI:98 - Server Type is =>cloudflare
2021-10-15 20:06:17 INFO  EmployeesRestAPI:76 - ***********  Checking Status Line **********
2021-10-15 20:06:17 INFO  EmployeesRestAPI:79 - Status Line is ==>HTTP/1.1 200 OK
2021-10-15 20:06:17 INFO  EmployeesRestAPI:138 - *********  Finished TC001_Get_All_Employees **********
2021-10-15 20:06:17 INFO  EmployeesRestAPI:35 - *********Started TC002_Get_Single_Employee_Record **********
2021-10-15 20:06:23 INFO  EmployeesRestAPI:90 - *********  Finished TC002_Get_Single_Employee_Record **********
2021-10-15 20:06:23 INFO  EmployeesRestAPI:41 - *********Started TC003_Post_Employee_Record **********
2021-10-15 20:06:28 INFO  EmployeesRestAPI:113 - *********  Finished TC003_Post_Employee_Record **********
2021-10-15 20:06:28 INFO  EmployeesRestAPI:40 - *********Started TC004_Put_Employee_Record **********
2021-10-15 20:06:34 INFO  EmployeesRestAPI:108 - *********  Finished TC004_Put_Employee_Record **********
2021-10-15 20:06:34 INFO  EmployeesRestAPI:36 - *********Started TC005_Delete_Employee_Record **********
2021-10-15 20:06:39 INFO  EmployeesRestAPI:94 - *********  Finished TC005_Delete_Employee_Record **********
2021-10-19 11:08:33 INFO  EmployeesRestAPI:31 - *********Started TC001_Get_All_Employees **********
2021-10-19 11:08:36 INFO  EmployeesRestAPI:115 - ***********  Checking Content Lenght**********
2021-10-19 11:08:36 INFO  EmployeesRestAPI:118 - Content Length is==>631
2021-10-19 11:08:36 INFO  EmployeesRestAPI:86 - ***********  Checking Content Type **********
2021-10-19 11:08:36 INFO  EmployeesRestAPI:89 - Content type is ==>application/json
2021-10-19 11:08:36 INFO  EmployeesRestAPI:129 - ***********  Checking Cookies **********
2021-10-19 11:08:36 INFO  EmployeesRestAPI:62 - ***********  Checking Response Time **********
2021-10-19 11:08:36 INFO  EmployeesRestAPI:65 - Response Time is ==>2283
2021-10-19 11:08:36 WARN  EmployeesRestAPI:68 - Response Time is greater than 2000
2021-10-19 11:08:36 INFO  EmployeesRestAPI:42 - ***********  Checking Respose Body **********
2021-10-19 11:08:36 INFO  EmployeesRestAPI:45 - Response Body==>{"status":"success","data":[{"id":1,"employee_name":"Tiger Nixon","employee_salary":320800,"employee_age":61,"profile_image":""},{"id":2,"employee_name":"Garrett Winters","employee_salary":170750,"employee_age":63,"profile_image":""},{"id":3,"employee_name":"Ashton Cox","employee_salary":86000,"employee_age":66,"profile_image":""},{"id":4,"employee_name":"Cedric Kelly","employee_salary":433060,"employee_age":22,"profile_image":""},{"id":5,"employee_name":"Airi Satou","employee_salary":162700,"employee_age":33,"profile_image":""},{"id":6,"employee_name":"Brielle Williamson","employee_salary":372000,"employee_age":61,"profile_image":""},{"id":7,"employee_name":"Herrod Chandler","employee_salary":137500,"employee_age":59,"profile_image":""},{"id":8,"employee_name":"Rhona Davidson","employee_salary":327900,"employee_age":55,"profile_image":""},{"id":9,"employee_name":"Colleen Hurst","employee_salary":205500,"employee_age":39,"profile_image":""},{"id":10,"employee_name":"Sonya Frost","employee_salary":103600,"employee_age":23,"profile_image":""},{"id":11,"employee_name":"Jena Gaines","employee_salary":90560,"employee_age":30,"profile_image":""},{"id":12,"employee_name":"Quinn Flynn","employee_salary":342000,"employee_age":22,"profile_image":""},{"id":13,"employee_name":"Charde Marshall","employee_salary":470600,"employee_age":36,"profile_image":""},{"id":14,"employee_name":"Haley Kennedy","employee_salary":313500,"employee_age":43,"profile_image":""},{"id":15,"employee_name":"Tatyana Fitzpatrick","employee_salary":385750,"employee_age":19,"profile_image":""},{"id":16,"employee_name":"Michael Silva","employee_salary":198500,"employee_age":66,"profile_image":""},{"id":17,"employee_name":"Paul Byrd","employee_salary":725000,"employee_age":64,"profile_image":""},{"id":18,"employee_name":"Gloria Little","employee_salary":237500,"employee_age":59,"profile_image":""},{"id":19,"employee_name":"Bradley Greer","employee_salary":132000,"employee_age":41,"profile_image":""},{"id":20,"employee_name":"Dai Rios","employee_salary":217500,"employee_age":35,"profile_image":""},{"id":21,"employee_name":"Jenette Caldwell","employee_salary":345000,"employee_age":30,"profile_image":""},{"id":22,"employee_name":"Yuri Berry","employee_salary":675000,"employee_age":40,"profile_image":""},{"id":23,"employee_name":"Caesar Vance","employee_salary":106450,"employee_age":21,"profile_image":""},{"id":24,"employee_name":"Doris Wilder","employee_salary":85600,"employee_age":23,"profile_image":""}],"message":"Successfully! All records has been fetched."}
2021-10-19 11:08:36 INFO  EmployeesRestAPI:52 - ***********  Checking Status Code **********
2021-10-19 11:08:36 INFO  EmployeesRestAPI:55 - Status Code is ==>200
2021-10-19 11:08:36 INFO  EmployeesRestAPI:105 - ***********  Checking Content Encoding**********
2021-10-19 11:08:36 INFO  EmployeesRestAPI:108 - Content Encoding is==>gzip
2021-10-19 11:08:36 INFO  EmployeesRestAPI:95 - ***********  Checking Server Type **********
2021-10-19 11:08:36 INFO  EmployeesRestAPI:98 - Server Type is =>cloudflare
2021-10-19 11:08:36 INFO  EmployeesRestAPI:76 - ***********  Checking Status Line **********
2021-10-19 11:08:36 INFO  EmployeesRestAPI:79 - Status Line is ==>HTTP/1.1 200 OK
2021-10-19 11:08:36 INFO  EmployeesRestAPI:138 - *********  Finished TC001_Get_All_Employees **********
2021-10-19 11:08:36 INFO  EmployeesRestAPI:35 - *********Started TC002_Get_Single_Employee_Record **********
2021-10-19 11:08:42 INFO  EmployeesRestAPI:90 - *********  Finished TC002_Get_Single_Employee_Record **********
2021-10-19 11:08:42 INFO  EmployeesRestAPI:41 - *********Started TC003_Post_Employee_Record **********
2021-10-19 11:08:48 INFO  EmployeesRestAPI:113 - *********  Finished TC003_Post_Employee_Record **********
2021-10-19 11:08:48 INFO  EmployeesRestAPI:40 - *********Started TC004_Put_Employee_Record **********
2021-10-19 11:08:54 INFO  EmployeesRestAPI:108 - *********  Finished TC004_Put_Employee_Record **********
2021-10-19 11:08:54 INFO  EmployeesRestAPI:36 - *********Started TC005_Delete_Employee_Record **********
2021-10-19 11:09:08 INFO  EmployeesRestAPI:94 - *********  Finished TC005_Delete_Employee_Record **********
2021-10-19 11:48:01 INFO  EmployeesRestAPI:31 - *********Started TC001_Get_All_Employees **********
2021-10-19 11:48:04 INFO  EmployeesRestAPI:115 - ***********  Checking Content Lenght**********
2021-10-19 11:48:04 INFO  EmployeesRestAPI:118 - Content Length is==>631
2021-10-19 11:48:04 INFO  EmployeesRestAPI:86 - ***********  Checking Content Type **********
2021-10-19 11:48:04 INFO  EmployeesRestAPI:89 - Content type is ==>application/json
2021-10-19 11:48:04 INFO  EmployeesRestAPI:129 - ***********  Checking Cookies **********
2021-10-19 11:48:04 INFO  EmployeesRestAPI:62 - ***********  Checking Response Time **********
2021-10-19 11:48:04 INFO  EmployeesRestAPI:65 - Response Time is ==>1687
2021-10-19 11:48:04 INFO  EmployeesRestAPI:42 - ***********  Checking Respose Body **********
2021-10-19 11:48:04 INFO  EmployeesRestAPI:45 - Response Body==>{"status":"success","data":[{"id":1,"employee_name":"Tiger Nixon","employee_salary":320800,"employee_age":61,"profile_image":""},{"id":2,"employee_name":"Garrett Winters","employee_salary":170750,"employee_age":63,"profile_image":""},{"id":3,"employee_name":"Ashton Cox","employee_salary":86000,"employee_age":66,"profile_image":""},{"id":4,"employee_name":"Cedric Kelly","employee_salary":433060,"employee_age":22,"profile_image":""},{"id":5,"employee_name":"Airi Satou","employee_salary":162700,"employee_age":33,"profile_image":""},{"id":6,"employee_name":"Brielle Williamson","employee_salary":372000,"employee_age":61,"profile_image":""},{"id":7,"employee_name":"Herrod Chandler","employee_salary":137500,"employee_age":59,"profile_image":""},{"id":8,"employee_name":"Rhona Davidson","employee_salary":327900,"employee_age":55,"profile_image":""},{"id":9,"employee_name":"Colleen Hurst","employee_salary":205500,"employee_age":39,"profile_image":""},{"id":10,"employee_name":"Sonya Frost","employee_salary":103600,"employee_age":23,"profile_image":""},{"id":11,"employee_name":"Jena Gaines","employee_salary":90560,"employee_age":30,"profile_image":""},{"id":12,"employee_name":"Quinn Flynn","employee_salary":342000,"employee_age":22,"profile_image":""},{"id":13,"employee_name":"Charde Marshall","employee_salary":470600,"employee_age":36,"profile_image":""},{"id":14,"employee_name":"Haley Kennedy","employee_salary":313500,"employee_age":43,"profile_image":""},{"id":15,"employee_name":"Tatyana Fitzpatrick","employee_salary":385750,"employee_age":19,"profile_image":""},{"id":16,"employee_name":"Michael Silva","employee_salary":198500,"employee_age":66,"profile_image":""},{"id":17,"employee_name":"Paul Byrd","employee_salary":725000,"employee_age":64,"profile_image":""},{"id":18,"employee_name":"Gloria Little","employee_salary":237500,"employee_age":59,"profile_image":""},{"id":19,"employee_name":"Bradley Greer","employee_salary":132000,"employee_age":41,"profile_image":""},{"id":20,"employee_name":"Dai Rios","employee_salary":217500,"employee_age":35,"profile_image":""},{"id":21,"employee_name":"Jenette Caldwell","employee_salary":345000,"employee_age":30,"profile_image":""},{"id":22,"employee_name":"Yuri Berry","employee_salary":675000,"employee_age":40,"profile_image":""},{"id":23,"employee_name":"Caesar Vance","employee_salary":106450,"employee_age":21,"profile_image":""},{"id":24,"employee_name":"Doris Wilder","employee_salary":85600,"employee_age":23,"profile_image":""}],"message":"Successfully! All records has been fetched."}
2021-10-19 11:48:04 INFO  EmployeesRestAPI:52 - ***********  Checking Status Code **********
2021-10-19 11:48:04 INFO  EmployeesRestAPI:55 - Status Code is ==>200
2021-10-19 11:48:04 INFO  EmployeesRestAPI:105 - ***********  Checking Content Encoding**********
2021-10-19 11:48:04 INFO  EmployeesRestAPI:108 - Content Encoding is==>gzip
2021-10-19 11:48:04 INFO  EmployeesRestAPI:95 - ***********  Checking Server Type **********
2021-10-19 11:48:04 INFO  EmployeesRestAPI:98 - Server Type is =>cloudflare
2021-10-19 11:48:04 INFO  EmployeesRestAPI:76 - ***********  Checking Status Line **********
2021-10-19 11:48:04 INFO  EmployeesRestAPI:79 - Status Line is ==>HTTP/1.1 200 OK
2021-10-19 11:48:04 INFO  EmployeesRestAPI:138 - *********  Finished TC001_Get_All_Employees **********
2021-10-19 11:48:04 INFO  EmployeesRestAPI:35 - *********Started TC002_Get_Single_Employee_Record **********
2021-10-19 11:48:10 INFO  EmployeesRestAPI:90 - *********  Finished TC002_Get_Single_Employee_Record **********
2021-10-19 11:48:10 INFO  EmployeesRestAPI:41 - *********Started TC003_Post_Employee_Record **********
2021-10-19 11:48:16 INFO  EmployeesRestAPI:113 - *********  Finished TC003_Post_Employee_Record **********
2021-10-19 11:48:16 INFO  EmployeesRestAPI:40 - *********Started TC004_Put_Employee_Record **********
2021-10-19 11:48:23 INFO  EmployeesRestAPI:108 - *********  Finished TC004_Put_Employee_Record **********
2021-10-19 11:48:23 INFO  EmployeesRestAPI:36 - *********Started TC005_Delete_Employee_Record **********
2021-10-19 11:53:58 INFO  EmployeesRestAPI:31 - *********Started TC001_Get_All_Employees **********
2021-10-19 11:54:01 INFO  EmployeesRestAPI:115 - ***********  Checking Content Lenght**********
2021-10-19 11:54:01 INFO  EmployeesRestAPI:118 - Content Length is==>null
2021-10-19 11:54:01 INFO  EmployeesRestAPI:86 - ***********  Checking Content Type **********
2021-10-19 11:54:01 INFO  EmployeesRestAPI:89 - Content type is ==>application/json
2021-10-19 11:54:01 INFO  EmployeesRestAPI:129 - ***********  Checking Cookies **********
2021-10-19 11:54:01 INFO  EmployeesRestAPI:62 - ***********  Checking Response Time **********
2021-10-19 11:54:01 INFO  EmployeesRestAPI:65 - Response Time is ==>2470
2021-10-19 11:54:01 WARN  EmployeesRestAPI:68 - Response Time is greater than 2000
2021-10-19 11:54:01 INFO  EmployeesRestAPI:42 - ***********  Checking Respose Body **********
2021-10-19 11:54:01 INFO  EmployeesRestAPI:45 - Response Body==>{"status":"error","message":"SQLSTATE[HY000] [1040] Too many connections (SQL: select * from `employee`)","code":404,"errors":"Exception Found!"}
2021-10-19 11:54:01 INFO  EmployeesRestAPI:52 - ***********  Checking Status Code **********
2021-10-19 11:54:01 INFO  EmployeesRestAPI:55 - Status Code is ==>404
2021-10-19 11:54:01 INFO  EmployeesRestAPI:105 - ***********  Checking Content Encoding**********
2021-10-19 11:54:01 INFO  EmployeesRestAPI:108 - Content Encoding is==>gzip
2021-10-19 11:54:01 INFO  EmployeesRestAPI:95 - ***********  Checking Server Type **********
2021-10-19 11:54:01 INFO  EmployeesRestAPI:98 - Server Type is =>cloudflare
2021-10-19 11:54:01 INFO  EmployeesRestAPI:76 - ***********  Checking Status Line **********
2021-10-19 11:54:01 INFO  EmployeesRestAPI:79 - Status Line is ==>HTTP/1.1 404 Not Found
2021-10-19 11:54:01 INFO  EmployeesRestAPI:138 - *********  Finished TC001_Get_All_Employees **********
2021-10-19 11:54:01 INFO  EmployeesRestAPI:35 - *********Started TC002_Get_Single_Employee_Record **********
2021-10-19 11:54:08 INFO  EmployeesRestAPI:90 - *********  Finished TC002_Get_Single_Employee_Record **********
2021-10-19 11:54:08 INFO  EmployeesRestAPI:41 - *********Started TC003_Post_Employee_Record **********
2021-10-19 11:54:14 INFO  EmployeesRestAPI:113 - *********  Finished TC003_Post_Employee_Record **********
2021-10-19 11:54:14 INFO  EmployeesRestAPI:40 - *********Started TC004_Put_Employee_Record **********
2021-10-19 11:54:20 INFO  EmployeesRestAPI:108 - *********  Finished TC004_Put_Employee_Record **********
2021-10-19 11:54:20 INFO  EmployeesRestAPI:36 - *********Started TC005_Delete_Employee_Record **********
2021-10-19 11:54:26 INFO  EmployeesRestAPI:94 - *********  Finished TC005_Delete_Employee_Record **********
2021-10-19 13:37:22 INFO  EmployeesRestAPI:31 - *********Started TC001_Get_All_Employees **********
2021-10-19 13:37:24 INFO  EmployeesRestAPI:115 - ***********  Checking Content Lenght**********
2021-10-19 13:37:24 INFO  EmployeesRestAPI:118 - Content Length is==>631
2021-10-19 13:37:24 INFO  EmployeesRestAPI:86 - ***********  Checking Content Type **********
2021-10-19 13:37:24 INFO  EmployeesRestAPI:89 - Content type is ==>application/json
2021-10-19 13:37:24 INFO  EmployeesRestAPI:129 - ***********  Checking Cookies **********
2021-10-19 13:37:24 INFO  EmployeesRestAPI:62 - ***********  Checking Response Time **********
2021-10-19 13:37:24 INFO  EmployeesRestAPI:65 - Response Time is ==>1903
2021-10-19 13:37:24 INFO  EmployeesRestAPI:42 - ***********  Checking Respose Body **********
2021-10-19 13:37:24 INFO  EmployeesRestAPI:45 - Response Body==>{"status":"success","data":[{"id":1,"employee_name":"Tiger Nixon","employee_salary":320800,"employee_age":61,"profile_image":""},{"id":2,"employee_name":"Garrett Winters","employee_salary":170750,"employee_age":63,"profile_image":""},{"id":3,"employee_name":"Ashton Cox","employee_salary":86000,"employee_age":66,"profile_image":""},{"id":4,"employee_name":"Cedric Kelly","employee_salary":433060,"employee_age":22,"profile_image":""},{"id":5,"employee_name":"Airi Satou","employee_salary":162700,"employee_age":33,"profile_image":""},{"id":6,"employee_name":"Brielle Williamson","employee_salary":372000,"employee_age":61,"profile_image":""},{"id":7,"employee_name":"Herrod Chandler","employee_salary":137500,"employee_age":59,"profile_image":""},{"id":8,"employee_name":"Rhona Davidson","employee_salary":327900,"employee_age":55,"profile_image":""},{"id":9,"employee_name":"Colleen Hurst","employee_salary":205500,"employee_age":39,"profile_image":""},{"id":10,"employee_name":"Sonya Frost","employee_salary":103600,"employee_age":23,"profile_image":""},{"id":11,"employee_name":"Jena Gaines","employee_salary":90560,"employee_age":30,"profile_image":""},{"id":12,"employee_name":"Quinn Flynn","employee_salary":342000,"employee_age":22,"profile_image":""},{"id":13,"employee_name":"Charde Marshall","employee_salary":470600,"employee_age":36,"profile_image":""},{"id":14,"employee_name":"Haley Kennedy","employee_salary":313500,"employee_age":43,"profile_image":""},{"id":15,"employee_name":"Tatyana Fitzpatrick","employee_salary":385750,"employee_age":19,"profile_image":""},{"id":16,"employee_name":"Michael Silva","employee_salary":198500,"employee_age":66,"profile_image":""},{"id":17,"employee_name":"Paul Byrd","employee_salary":725000,"employee_age":64,"profile_image":""},{"id":18,"employee_name":"Gloria Little","employee_salary":237500,"employee_age":59,"profile_image":""},{"id":19,"employee_name":"Bradley Greer","employee_salary":132000,"employee_age":41,"profile_image":""},{"id":20,"employee_name":"Dai Rios","employee_salary":217500,"employee_age":35,"profile_image":""},{"id":21,"employee_name":"Jenette Caldwell","employee_salary":345000,"employee_age":30,"profile_image":""},{"id":22,"employee_name":"Yuri Berry","employee_salary":675000,"employee_age":40,"profile_image":""},{"id":23,"employee_name":"Caesar Vance","employee_salary":106450,"employee_age":21,"profile_image":""},{"id":24,"employee_name":"Doris Wilder","employee_salary":85600,"employee_age":23,"profile_image":""}],"message":"Successfully! All records has been fetched."}
2021-10-19 13:37:24 INFO  EmployeesRestAPI:52 - ***********  Checking Status Code **********
2021-10-19 13:37:24 INFO  EmployeesRestAPI:55 - Status Code is ==>200
2021-10-19 13:37:24 INFO  EmployeesRestAPI:105 - ***********  Checking Content Encoding**********
2021-10-19 13:37:24 INFO  EmployeesRestAPI:108 - Content Encoding is==>gzip
2021-10-19 13:37:24 INFO  EmployeesRestAPI:95 - ***********  Checking Server Type **********
2021-10-19 13:37:24 INFO  EmployeesRestAPI:98 - Server Type is =>cloudflare
2021-10-19 13:37:24 INFO  EmployeesRestAPI:76 - ***********  Checking Status Line **********
2021-10-19 13:37:24 INFO  EmployeesRestAPI:79 - Status Line is ==>HTTP/1.1 200 OK
2021-10-19 13:37:24 INFO  EmployeesRestAPI:138 - *********  Finished TC001_Get_All_Employees **********
2021-10-19 13:37:24 INFO  EmployeesRestAPI:35 - *********Started TC002_Get_Single_Employee_Record **********
2021-10-19 13:37:30 INFO  EmployeesRestAPI:90 - *********  Finished TC002_Get_Single_Employee_Record **********
2021-10-19 13:37:30 INFO  EmployeesRestAPI:41 - *********Started TC003_Post_Employee_Record **********
2021-10-19 13:37:36 INFO  EmployeesRestAPI:113 - *********  Finished TC003_Post_Employee_Record **********
2021-10-19 13:37:36 INFO  EmployeesRestAPI:40 - *********Started TC004_Put_Employee_Record **********
2021-10-19 13:37:42 INFO  EmployeesRestAPI:108 - *********  Finished TC004_Put_Employee_Record **********
2021-10-19 13:37:42 INFO  EmployeesRestAPI:36 - *********Started TC005_Delete_Employee_Record **********
2021-10-19 13:37:47 INFO  EmployeesRestAPI:94 - *********  Finished TC005_Delete_Employee_Record **********
2021-10-19 13:47:38 INFO  EmployeesRestAPI:31 - *********Started TC001_Get_All_Employees **********
2021-10-19 13:47:43 INFO  EmployeesRestAPI:115 - ***********  Checking Content Lenght**********
2021-10-19 13:47:43 INFO  EmployeesRestAPI:118 - Content Length is==>631
2021-10-19 13:47:43 INFO  EmployeesRestAPI:86 - ***********  Checking Content Type **********
2021-10-19 13:47:43 INFO  EmployeesRestAPI:89 - Content type is ==>application/json
2021-10-19 13:47:43 INFO  EmployeesRestAPI:129 - ***********  Checking Cookies **********
2021-10-19 13:47:43 INFO  EmployeesRestAPI:62 - ***********  Checking Response Time **********
2021-10-19 13:47:43 INFO  EmployeesRestAPI:65 - Response Time is ==>3171
2021-10-19 13:47:43 WARN  EmployeesRestAPI:68 - Response Time is greater than 2000
2021-10-19 13:47:43 INFO  EmployeesRestAPI:42 - ***********  Checking Respose Body **********
2021-10-19 13:47:43 INFO  EmployeesRestAPI:45 - Response Body==>{"status":"success","data":[{"id":1,"employee_name":"Tiger Nixon","employee_salary":320800,"employee_age":61,"profile_image":""},{"id":2,"employee_name":"Garrett Winters","employee_salary":170750,"employee_age":63,"profile_image":""},{"id":3,"employee_name":"Ashton Cox","employee_salary":86000,"employee_age":66,"profile_image":""},{"id":4,"employee_name":"Cedric Kelly","employee_salary":433060,"employee_age":22,"profile_image":""},{"id":5,"employee_name":"Airi Satou","employee_salary":162700,"employee_age":33,"profile_image":""},{"id":6,"employee_name":"Brielle Williamson","employee_salary":372000,"employee_age":61,"profile_image":""},{"id":7,"employee_name":"Herrod Chandler","employee_salary":137500,"employee_age":59,"profile_image":""},{"id":8,"employee_name":"Rhona Davidson","employee_salary":327900,"employee_age":55,"profile_image":""},{"id":9,"employee_name":"Colleen Hurst","employee_salary":205500,"employee_age":39,"profile_image":""},{"id":10,"employee_name":"Sonya Frost","employee_salary":103600,"employee_age":23,"profile_image":""},{"id":11,"employee_name":"Jena Gaines","employee_salary":90560,"employee_age":30,"profile_image":""},{"id":12,"employee_name":"Quinn Flynn","employee_salary":342000,"employee_age":22,"profile_image":""},{"id":13,"employee_name":"Charde Marshall","employee_salary":470600,"employee_age":36,"profile_image":""},{"id":14,"employee_name":"Haley Kennedy","employee_salary":313500,"employee_age":43,"profile_image":""},{"id":15,"employee_name":"Tatyana Fitzpatrick","employee_salary":385750,"employee_age":19,"profile_image":""},{"id":16,"employee_name":"Michael Silva","employee_salary":198500,"employee_age":66,"profile_image":""},{"id":17,"employee_name":"Paul Byrd","employee_salary":725000,"employee_age":64,"profile_image":""},{"id":18,"employee_name":"Gloria Little","employee_salary":237500,"employee_age":59,"profile_image":""},{"id":19,"employee_name":"Bradley Greer","employee_salary":132000,"employee_age":41,"profile_image":""},{"id":20,"employee_name":"Dai Rios","employee_salary":217500,"employee_age":35,"profile_image":""},{"id":21,"employee_name":"Jenette Caldwell","employee_salary":345000,"employee_age":30,"profile_image":""},{"id":22,"employee_name":"Yuri Berry","employee_salary":675000,"employee_age":40,"profile_image":""},{"id":23,"employee_name":"Caesar Vance","employee_salary":106450,"employee_age":21,"profile_image":""},{"id":24,"employee_name":"Doris Wilder","employee_salary":85600,"employee_age":23,"profile_image":""}],"message":"Successfully! All records has been fetched."}
2021-10-19 13:47:43 INFO  EmployeesRestAPI:52 - ***********  Checking Status Code **********
2021-10-19 13:47:43 INFO  EmployeesRestAPI:55 - Status Code is ==>200
2021-10-19 13:47:43 INFO  EmployeesRestAPI:105 - ***********  Checking Content Encoding**********
2021-10-19 13:47:43 INFO  EmployeesRestAPI:108 - Content Encoding is==>gzip
2021-10-19 13:47:43 INFO  EmployeesRestAPI:95 - ***********  Checking Server Type **********
2021-10-19 13:47:43 INFO  EmployeesRestAPI:98 - Server Type is =>cloudflare
2021-10-19 13:47:43 INFO  EmployeesRestAPI:76 - ***********  Checking Status Line **********
2021-10-19 13:47:43 INFO  EmployeesRestAPI:79 - Status Line is ==>HTTP/1.1 200 OK
2021-10-19 13:47:43 INFO  EmployeesRestAPI:138 - *********  Finished TC001_Get_All_Employees **********
2021-10-19 13:47:43 INFO  EmployeesRestAPI:35 - *********Started TC002_Get_Single_Employee_Record **********
2021-10-19 13:47:48 INFO  EmployeesRestAPI:90 - *********  Finished TC002_Get_Single_Employee_Record **********
2021-10-19 13:47:48 INFO  EmployeesRestAPI:41 - *********Started TC003_Post_Employee_Record **********
2021-10-19 13:47:54 INFO  EmployeesRestAPI:113 - *********  Finished TC003_Post_Employee_Record **********
2021-10-19 13:47:54 INFO  EmployeesRestAPI:40 - *********Started TC004_Put_Employee_Record **********
2021-10-19 13:48:00 INFO  EmployeesRestAPI:108 - *********  Finished TC004_Put_Employee_Record **********
2021-10-19 13:48:00 INFO  EmployeesRestAPI:36 - *********Started TC005_Delete_Employee_Record **********
